<?xml version="1.0" encoding="UTF-8"?>
<testsuite xmlns:xsi="http://www.w3.org/2001/XMLSchema-instance" xsi:noNamespaceSchemaLocation="https://maven.apache.org/surefire/maven-surefire-plugin/xsd/surefire-test-report-3.0.xsd" version="3.0" name="br.com.franca.frangao_assado.FrangaoAssadoApplicationTests" time="3.639" tests="1" errors="0" skipped="0" failures="0">
  <properties>
[...]
</properties>
  <testcase name="contextLoads" classname="br.com.franca.frangao_assado.FrangaoAssadoApplicationTests" time="0.293">
    <system-out><![CDATA[12:04:28.861 [main] INFO org.springframework.test.context.support.AnnotationConfigContextLoaderUtils -- Could not detect default configuration classes for test class [br.com.franca.frangao_assado.FrangaoAssadoApplicationTests]: FrangaoAssadoApplicationTests does not declare any static, non-private, non-final, nested classes annotated with @Configuration.
12:04:28.920 [main] INFO org.springframework.boot.test.context.SpringBootTestContextBootstrapper -- Found @SpringBootConfiguration br.com.franca.frangao_assado.FrangaoAssadoApplication for test class br.com.franca.frangao_assado.FrangaoAssadoApplicationTests
12:04:29.025 [main] INFO org.springframework.boot.devtools.restart.RestartApplicationListener -- Restart disabled due to context in which it is running

  .   ____          _            __ _ _
 /\\ / ___'_ __ _ _(_)_ __  __ _ \ \ \ \
( ( )\___ | '_ | '_| | '_ \/ _` | \ \ \ \
 \\/  ___)| |_)| | | | | || (_| |  ) ) ) )
  '  |____| .__|_| |_|_| |_\__, | / / / /
 =========|_|==============|___/=/_/_/_/

 :: Spring Boot ::                (v3.3.3)

2024-08-24T12:04:29.173-03:00  INFO 41868 --- [frangao-assado] [           main] b.c.f.f.FrangaoAssadoApplicationTests    : Starting FrangaoAssadoApplicationTests using Java 17.0.2 with PID 41868 (started by Tiago in G:\Repositorios\frangao-assado)
2024-08-24T12:04:29.174-03:00  INFO 41868 --- [frangao-assado] [           main] b.c.f.f.FrangaoAssadoApplicationTests    : No active profile set, falling back to 1 default profile: "default"
2024-08-24T12:04:29.581-03:00  INFO 41868 --- [frangao-assado] [           main] .s.d.r.c.RepositoryConfigurationDelegate : Bootstrapping Spring Data JPA repositories in DEFAULT mode.
2024-08-24T12:04:29.631-03:00  INFO 41868 --- [frangao-assado] [           main] .s.d.r.c.RepositoryConfigurationDelegate : Finished Spring Data repository scanning in 42 ms. Found 6 JPA repository interfaces.
2024-08-24T12:04:30.116-03:00  INFO 41868 --- [frangao-assado] [           main] com.zaxxer.hikari.HikariDataSource       : HikariPool-1 - Starting...
2024-08-24T12:04:30.219-03:00  INFO 41868 --- [frangao-assado] [           main] com.zaxxer.hikari.pool.HikariPool        : HikariPool-1 - Added connection conn0: url=jdbc:h2:mem:frangao-assado user=SA
2024-08-24T12:04:30.220-03:00  INFO 41868 --- [frangao-assado] [           main] com.zaxxer.hikari.HikariDataSource       : HikariPool-1 - Start completed.
2024-08-24T12:04:30.250-03:00  INFO 41868 --- [frangao-assado] [           main] org.flywaydb.core.FlywayExecutor         : Database: jdbc:h2:mem:frangao-assado (H2 2.2)
2024-08-24T12:04:30.260-03:00  WARN 41868 --- [frangao-assado] [           main] o.f.c.internal.database.base.Database    : Flyway upgrade recommended: H2 2.2.224 is newer than this version of Flyway and support has not been tested. The latest supported version of H2 is 2.2.220.
2024-08-24T12:04:30.270-03:00  INFO 41868 --- [frangao-assado] [           main] o.f.c.i.s.JdbcTableSchemaHistory         : Schema history table "PUBLIC"."flyway_schema_history" does not exist yet
2024-08-24T12:04:30.271-03:00  INFO 41868 --- [frangao-assado] [           main] o.f.core.internal.command.DbValidate     : Successfully validated 0 migrations (execution time 00:00.003s)
2024-08-24T12:04:30.272-03:00  WARN 41868 --- [frangao-assado] [           main] o.f.core.internal.command.DbValidate     : No migrations found. Are your locations set up correctly?
2024-08-24T12:04:30.277-03:00  INFO 41868 --- [frangao-assado] [           main] o.f.c.i.s.JdbcTableSchemaHistory         : Creating Schema History table "PUBLIC"."flyway_schema_history" ...
2024-08-24T12:04:30.311-03:00  INFO 41868 --- [frangao-assado] [           main] o.f.core.internal.command.DbMigrate      : Current version of schema "PUBLIC": << Empty Schema >>
2024-08-24T12:04:30.313-03:00  INFO 41868 --- [frangao-assado] [           main] o.f.core.internal.command.DbMigrate      : Schema "PUBLIC" is up to date. No migration necessary.
2024-08-24T12:04:30.437-03:00  INFO 41868 --- [frangao-assado] [           main] o.hibernate.jpa.internal.util.LogHelper  : HHH000204: Processing PersistenceUnitInfo [name: default]
2024-08-24T12:04:30.492-03:00  INFO 41868 --- [frangao-assado] [           main] org.hibernate.Version                    : HHH000412: Hibernate ORM core version 6.5.2.Final
2024-08-24T12:04:30.520-03:00  INFO 41868 --- [frangao-assado] [           main] o.h.c.internal.RegionFactoryInitiator    : HHH000026: Second-level cache disabled
2024-08-24T12:04:30.760-03:00  INFO 41868 --- [frangao-assado] [           main] o.s.o.j.p.SpringPersistenceUnitInfo      : No LoadTimeWeaver setup: ignoring JPA class transformer
2024-08-24T12:04:30.785-03:00  WARN 41868 --- [frangao-assado] [           main] org.hibernate.orm.deprecation            : HHH90000025: H2Dialect does not need to be specified explicitly using 'hibernate.dialect' (remove the property setting and it will be selected by default)
2024-08-24T12:04:31.283-03:00  INFO 41868 --- [frangao-assado] [           main] o.h.e.t.j.p.i.JtaPlatformInitiator       : HHH000489: No JTA platform available (set 'hibernate.transaction.jta.platform' to enable JTA platform integration)
2024-08-24T12:04:31.285-03:00  INFO 41868 --- [frangao-assado] [           main] j.LocalContainerEntityManagerFactoryBean : Initialized JPA EntityManagerFactory for persistence unit 'default'
2024-08-24T12:04:31.679-03:00  WARN 41868 --- [frangao-assado] [           main] JpaBaseConfiguration$JpaWebConfiguration : spring.jpa.open-in-view is enabled by default. Therefore, database queries may be performed during view rendering. Explicitly configure spring.jpa.open-in-view to disable this warning
2024-08-24T12:04:32.066-03:00  INFO 41868 --- [frangao-assado] [           main] o.s.b.a.h2.H2ConsoleAutoConfiguration    : H2 console available at '/h2-console'. Database available at 'jdbc:h2:mem:frangao-assado'
2024-08-24T12:04:32.094-03:00  INFO 41868 --- [frangao-assado] [           main] b.c.f.f.FrangaoAssadoApplicationTests    : Started FrangaoAssadoApplicationTests in 3.075 seconds (process running for 3.717)
]]></system-out>
  </testcase>
</testsuite>